<?xml version="1.0" encoding="UTF-8"?>
<!-- Generated by org.testng.reporters.JUnitReportReporter -->
<testsuite skipped="0" hostname="SmilySood" name="mercury.testcases.LoginTest" tests="1" failures="0" timestamp="16 Apr 2019 18:22:54 GMT" time="7.768" errors="0">
  <testcase name="validLoginTest" time="7.768" classname="mercury.testcases.LoginTest"/>
</testsuite> <!-- mercury.testcases.LoginTest -->
