<?xml version="1.0" encoding="UTF-8"?>
<!-- Generated by org.testng.reporters.JUnitReportReporter -->
<testsuite skipped="0" hostname="SmilySood" name="mercury.testcases.RegisterTest" tests="1" failures="0" timestamp="16 Apr 2019 18:22:54 GMT" time="4.992" errors="0">
  <testcase name="registerTest" time="4.992" classname="mercury.testcases.RegisterTest"/>
</testsuite> <!-- mercury.testcases.RegisterTest -->
