<?xml version="1.0" encoding="UTF-8"?>
<!-- Generated by org.testng.reporters.JUnitReportReporter -->
<testsuite skipped="0" hostname="SmilySood" name="mercury.testcases.RegisterTest" tests="1" failures="0" timestamp="14 Apr 2019 13:26:33 GMT" time="5.589" errors="0">
  <testcase name="registerTest" time="5.589" classname="mercury.testcases.RegisterTest"/>
</testsuite> <!-- mercury.testcases.RegisterTest -->
