<?xml version="1.0" encoding="UTF-8"?>
<!-- Generated by org.testng.reporters.JUnitReportReporter -->
<testsuite skipped="0" hostname="SmilySood" name="mercury.testcases.confirmationTest" tests="1" failures="0" timestamp="17 Apr 2019 18:36:43 GMT" time="15.332" errors="0">
  <testcase name="confirmDetails" time="15.332" classname="mercury.testcases.confirmationTest"/>
</testsuite> <!-- mercury.testcases.confirmationTest -->
