<?xml version="1.0" encoding="UTF-8"?>
<!-- Generated by org.testng.reporters.JUnitReportReporter -->
<testsuite skipped="0" hostname="SmilySood" name="mercury.testcases.Selectflighttest" tests="1" failures="0" timestamp="16 Apr 2019 18:00:34 GMT" time="10.584" errors="0">
  <testcase name="selectflight" time="10.584" classname="mercury.testcases.Selectflighttest"/>
</testsuite> <!-- mercury.testcases.Selectflighttest -->
