<?xml version="1.0" encoding="UTF-8"?>
<!-- Generated by org.testng.reporters.JUnitReportReporter -->
<testsuite skipped="0" hostname="SmilySood" name="mercury.testcases.Flightfindertest" tests="1" failures="0" timestamp="16 Apr 2019 16:23:45 GMT" time="10.557" errors="0">
  <testcase name="flightfinder" time="10.557" classname="mercury.testcases.Flightfindertest"/>
</testsuite> <!-- mercury.testcases.Flightfindertest -->
