<?xml version="1.0" encoding="UTF-8"?>
<!-- Generated by org.testng.reporters.JUnitReportReporter -->
<testsuite skipped="0" hostname="SmilySood" name="mercury.testcases.BookaflightTest" tests="1" failures="0" timestamp="19 Apr 2019 12:16:26 GMT" time="56.421" errors="0">
  <testcase name="bookaflight" time="56.421" classname="mercury.testcases.BookaflightTest"/>
</testsuite> <!-- mercury.testcases.BookaflightTest -->
