<?xml version="1.0" encoding="UTF-8"?>
<!-- Generated by org.testng.reporters.JUnitReportReporter -->
<testsuite skipped="0" hostname="SmilySood" name="mercury.testcases.Flightfindertest" tests="1" failures="0" timestamp="19 Apr 2019 10:38:27 GMT" time="28.942" errors="0">
  <testcase name="flightfinder" time="28.942" classname="mercury.testcases.Flightfindertest"/>
</testsuite> <!-- mercury.testcases.Flightfindertest -->
