<?xml version="1.0" encoding="UTF-8"?>
<!-- Generated by org.testng.reporters.JUnitReportReporter -->
<testsuite skipped="0" hostname="SmilySood" name="mercury.pages.BookAFlightPage" tests="1" failures="0" timestamp="11 Apr 2019 14:03:02 GMT" time="4.993" errors="0">
  <testcase name="test2" time="4.993" classname="mercury.pages.BookAFlightPage"/>
</testsuite> <!-- mercury.pages.BookAFlightPage -->
