<?xml version="1.0" encoding="UTF-8"?>
<!-- Generated by org.testng.reporters.JUnitReportReporter -->
<testsuite skipped="0" hostname="SmilySood" name="mercury.testcases.LoginTest" tests="1" failures="0" timestamp="15 Apr 2019 17:23:46 GMT" time="12.019" errors="0">
  <testcase name="validLoginTest" time="12.019" classname="mercury.testcases.LoginTest"/>
</testsuite> <!-- mercury.testcases.LoginTest -->
