<?xml version="1.0" encoding="UTF-8"?>
<!-- Generated by org.testng.reporters.JUnitReportReporter -->
<testsuite skipped="0" hostname="SmilySood" name="mercury.testcases.LoginTest" tests="1" failures="0" timestamp="14 Apr 2019 13:26:33 GMT" time="11.777" errors="0">
  <testcase name="validLoginTest" time="11.777" classname="mercury.testcases.LoginTest"/>
</testsuite> <!-- mercury.testcases.LoginTest -->
