<?xml version="1.0" encoding="UTF-8"?>
<!-- Generated by org.testng.reporters.JUnitReportReporter -->
<testsuite skipped="0" hostname="Sujoy-PC" name="mercury.utility.ExcelDataProvider" tests="2" failures="0" timestamp="06 Apr 2019 17:52:21 GMT" time="0.010" errors="0">
  <testcase name="VerifyInvalidLogin" time="0.002" classname="mercury.utility.ExcelDataProvider"/>
  <testcase name="VerifyInvalidLogin" time="0.008" classname="mercury.utility.ExcelDataProvider"/>
</testsuite> <!-- mercury.utility.ExcelDataProvider -->
